<?xml version="1.0" encoding="UTF-8"?>
<!-- Generated by org.testng.reporters.JUnitReportReporter -->
<testsuite hostname="DESKTOP-INGG54A" failures="0" tests="2" name="com.ds.testLayer.LoginPageTest" time="18.182" errors="0" timestamp="2022-12-01T11:58:52 IST" skipped="0">
  <testcase classname="com.ds.testLayer.LoginPageTest" name="verifyLoginTest" time="9.962"/>
  <system-out/>
  <testcase classname="com.ds.testLayer.LoginPageTest" name="verifyDashBord" time="8.220"/>
  <system-out/>
</testsuite> <!-- com.ds.testLayer.LoginPageTest -->
