<?xml version="1.0" encoding="UTF-8"?>
<!-- Generated by org.testng.reporters.JUnitReportReporter -->
<testsuite hostname="DESKTOP-INGG54A" failures="0" tests="1" name="com.ds.testLayer.LoginPageTest" time="10.863" errors="0" timestamp="2022-11-29T14:51:17 IST" skipped="0">
  <testcase classname="com.ds.testLayer.LoginPageTest" name="verifyLoginTest" time="10.863"/>
  <system-out/>
</testsuite> <!-- com.ds.testLayer.LoginPageTest -->
